<?xml version="1.0" encoding="UTF-8"?>
<!-- Generated by org.testng.reporters.JUnitReportReporter -->
<testsuite name="org.rangerdev.AshTable" tests="2" time="12.572" ignored="0" failures="0" timestamp="14 Feb 2022 12:28:00 GMT" skipped="0" hostname="sathish" errors="0">
  <testcase name="tc01" time="5.758" classname="org.rangerdev.AshTable"/>
  <testcase name="tc01" time="6.814" classname="org.rangerdev.AshTable"/>
</testsuite> <!-- org.rangerdev.AshTable -->
