<?xml version="1.0" encoding="UTF-8"?>
<!-- Generated by org.testng.reporters.JUnitReportReporter -->
<testsuite skipped="0" hostname="sathish" name="rangerdev.AshAssert" tests="3" failures="0" timestamp="13 Feb 2022 04:34:17 GMT" time="0.000" errors="0">
  <testcase name="testcase1" time="0.000" classname="rangerdev.AshAssert"/>
  <testcase name="testcase2" time="0.000" classname="rangerdev.AshAssert"/>
  <testcase name="testcase3" time="0.000" classname="rangerdev.AshAssert"/>
</testsuite> <!-- rangerdev.AshAssert -->
